09-Mar-2022 12:45:26.548 INFO [TomcatRunner] org.apache.catalina.startup.VersionLoggerListener.log Server version name:   Apache Tomcat/9.0.55
09-Mar-2022 12:45:26.549 INFO [TomcatRunner] org.apache.catalina.startup.VersionLoggerListener.log Server built:          Nov 10 2021 08:26:45 UTC
09-Mar-2022 12:45:26.549 INFO [TomcatRunner] org.apache.catalina.startup.VersionLoggerListener.log Server version number: 9.0.55.0
09-Mar-2022 12:45:26.549 INFO [TomcatRunner] org.apache.catalina.startup.VersionLoggerListener.log OS Name:               Windows 10
09-Mar-2022 12:45:26.549 INFO [TomcatRunner] org.apache.catalina.startup.VersionLoggerListener.log OS Version:            10.0
09-Mar-2022 12:45:26.549 INFO [TomcatRunner] org.apache.catalina.startup.VersionLoggerListener.log Architecture:          amd64
09-Mar-2022 12:45:26.549 INFO [TomcatRunner] org.apache.catalina.startup.VersionLoggerListener.log Java Home:             C:\Users\durgaprasad\supg\smartfox-starter-template\smartfox-basics\SmartFoxServer_2X\jre
09-Mar-2022 12:45:26.549 INFO [TomcatRunner] org.apache.catalina.startup.VersionLoggerListener.log JVM Version:           11.0.13+8
09-Mar-2022 12:45:26.549 INFO [TomcatRunner] org.apache.catalina.startup.VersionLoggerListener.log JVM Vendor:            Eclipse Adoptium
09-Mar-2022 12:45:26.549 INFO [TomcatRunner] org.apache.catalina.startup.VersionLoggerListener.log CATALINA_BASE:         C:\Users\durgaprasad\supg\smartfox-starter-template\smartfox-basics\SmartFoxServer_2X\SFS2X\lib\apache-tomcat
09-Mar-2022 12:45:26.549 INFO [TomcatRunner] org.apache.catalina.startup.VersionLoggerListener.log CATALINA_HOME:         C:\Users\durgaprasad\supg\smartfox-starter-template\smartfox-basics\SmartFoxServer_2X\SFS2X\lib\apache-tomcat
09-Mar-2022 12:45:26.549 INFO [TomcatRunner] org.apache.catalina.startup.VersionLoggerListener.log Command line argument: -Dfile.encoding=UTF-8
09-Mar-2022 12:45:26.555 INFO [TomcatRunner] org.apache.catalina.core.AprLifecycleListener.lifecycleEvent The Apache Tomcat Native library which allows using OpenSSL was not found on the java.library.path: [C:\Users\durgaprasad\supg\smartfox-starter-template\smartfox-basics\SmartFoxServer_2X\jre\bin;C:\WINDOWS\Sun\Java\bin;C:\WINDOWS\system32;C:\WINDOWS;C:\Program Files\Common Files\Oracle\Java\javapath;C:\Windows\system32;C:\Windows;C:\Windows\System32\Wbem;C:\Windows\System32\WindowsPowerShell\v1.0\;C:\Windows\System32\OpenSSH\;C:\Program Files (x86)\NVIDIA Corporation\PhysX\Common;C:\Program Files\NVIDIA Corporation\NVIDIA NvDLISR;C:\ProgramData\chocolatey\bin;C:\Program Files\Git\cmd;C:\Program Files\nodejs\;C:\Program Files\Microsoft SQL Server\130\Tools\Binn\;C:\Program Files\Microsoft SQL Server\Client SDK\ODBC\170\Tools\Binn\;C:\Program Files\Redis\;C:\WINDOWS\system32;C:\WINDOWS;C:\WINDOWS\System32\Wbem;C:\WINDOWS\System32\WindowsPowerShell\v1.0\;C:\WINDOWS\System32\OpenSSH\;C:\Program Files\dotnet\;C:\Program Files\Go\bin;C:\Users\durgaprasad\AppData\Local\Microsoft\WindowsApps;C:\Users\durgaprasad\AppData\Roaming\npm;C:\Users\durgaprasad\AppData\Local\GitHubDesktop\bin;C:\Program Files\JetBrains\IntelliJ IDEA Community Edition 2021.2.2\bin;;C:\Users\durgaprasad\AppData\Local\Programs\Microsoft VS Code\bin;C:\Program Files\MongoDB\Tools\100\bin;C:\mongosh\bin;C:\Users\durgaprasad\.dotnet\tools;C:\Users\durgaprasad\go\bin;C:\Program Files\Java\jdk-17\bin;;.]
09-Mar-2022 12:45:26.765 INFO [TomcatRunner] org.apache.coyote.AbstractProtocol.init Initializing ProtocolHandler ["http-nio-8080"]
09-Mar-2022 12:45:26.781 INFO [TomcatRunner] org.apache.coyote.AbstractProtocol.init Initializing ProtocolHandler ["https-jsse-nio-8443"]
09-Mar-2022 12:45:27.070 INFO [TomcatRunner] org.apache.catalina.startup.Catalina.load Server initialization in [661] milliseconds
09-Mar-2022 12:45:27.114 INFO [TomcatRunner] org.apache.catalina.core.StandardService.startInternal Starting service [Catalina]
09-Mar-2022 12:45:27.114 INFO [TomcatRunner] org.apache.catalina.core.StandardEngine.startInternal Starting Servlet engine: [Apache Tomcat/9.0.55]
09-Mar-2022 12:45:27.139 INFO [TomcatRunner] org.apache.catalina.startup.HostConfig.deployWAR Deploying web application archive [C:\Users\durgaprasad\supg\smartfox-starter-template\smartfox-basics\SmartFoxServer_2X\SFS2X\www\BlueBox.war]
09-Mar-2022 12:45:28.314 INFO [TomcatRunner] org.apache.jasper.servlet.TldScanner.scanJars At least one JAR was scanned for TLDs yet contained no TLDs. Enable debug logging for this logger for a complete list of JARs that were scanned but no TLDs were found in them. Skipping unneeded JARs during scanning can improve startup time and JSP compilation time.
09-Mar-2022 12:45:28.530 WARNING [TomcatRunner] org.apache.catalina.util.SessionIdGeneratorBase.createSecureRandom Creation of SecureRandom instance for session ID generation using [SHA1PRNG] took [172] milliseconds.
09-Mar-2022 12:45:28.561 INFO [TomcatRunner] org.apache.catalina.startup.HostConfig.deployWAR Deployment of web application archive [C:\Users\durgaprasad\supg\smartfox-starter-template\smartfox-basics\SmartFoxServer_2X\SFS2X\www\BlueBox.war] has finished in [1,422] ms
09-Mar-2022 12:45:28.562 INFO [TomcatRunner] org.apache.catalina.startup.HostConfig.deployDirectory Deploying web application directory [C:\Users\durgaprasad\supg\smartfox-starter-template\smartfox-basics\SmartFoxServer_2X\SFS2X\www\HelloServlet]
09-Mar-2022 12:45:29.928 INFO [TomcatRunner] org.apache.jasper.servlet.TldScanner.scanJars At least one JAR was scanned for TLDs yet contained no TLDs. Enable debug logging for this logger for a complete list of JARs that were scanned but no TLDs were found in them. Skipping unneeded JARs during scanning can improve startup time and JSP compilation time.
09-Mar-2022 12:45:29.930 INFO [TomcatRunner] org.apache.catalina.startup.HostConfig.deployDirectory Deployment of web application directory [C:\Users\durgaprasad\supg\smartfox-starter-template\smartfox-basics\SmartFoxServer_2X\SFS2X\www\HelloServlet] has finished in [1,368] ms
09-Mar-2022 12:45:29.930 INFO [TomcatRunner] org.apache.catalina.startup.HostConfig.deployDirectory Deploying web application directory [C:\Users\durgaprasad\supg\smartfox-starter-template\smartfox-basics\SmartFoxServer_2X\SFS2X\www\host-manager]
09-Mar-2022 12:45:31.131 INFO [TomcatRunner] org.apache.jasper.servlet.TldScanner.scanJars At least one JAR was scanned for TLDs yet contained no TLDs. Enable debug logging for this logger for a complete list of JARs that were scanned but no TLDs were found in them. Skipping unneeded JARs during scanning can improve startup time and JSP compilation time.
09-Mar-2022 12:45:31.136 INFO [TomcatRunner] org.apache.catalina.startup.HostConfig.deployDirectory Deployment of web application directory [C:\Users\durgaprasad\supg\smartfox-starter-template\smartfox-basics\SmartFoxServer_2X\SFS2X\www\host-manager] has finished in [1,206] ms
09-Mar-2022 12:45:31.136 INFO [TomcatRunner] org.apache.catalina.startup.HostConfig.deployDirectory Deploying web application directory [C:\Users\durgaprasad\supg\smartfox-starter-template\smartfox-basics\SmartFoxServer_2X\SFS2X\www\logsBackup]
09-Mar-2022 12:45:32.317 INFO [TomcatRunner] org.apache.jasper.servlet.TldScanner.scanJars At least one JAR was scanned for TLDs yet contained no TLDs. Enable debug logging for this logger for a complete list of JARs that were scanned but no TLDs were found in them. Skipping unneeded JARs during scanning can improve startup time and JSP compilation time.
09-Mar-2022 12:45:32.318 INFO [TomcatRunner] org.apache.catalina.startup.HostConfig.deployDirectory Deployment of web application directory [C:\Users\durgaprasad\supg\smartfox-starter-template\smartfox-basics\SmartFoxServer_2X\SFS2X\www\logsBackup] has finished in [1,182] ms
09-Mar-2022 12:45:32.318 INFO [TomcatRunner] org.apache.catalina.startup.HostConfig.deployDirectory Deploying web application directory [C:\Users\durgaprasad\supg\smartfox-starter-template\smartfox-basics\SmartFoxServer_2X\SFS2X\www\manager]
09-Mar-2022 12:45:33.474 INFO [TomcatRunner] org.apache.jasper.servlet.TldScanner.scanJars At least one JAR was scanned for TLDs yet contained no TLDs. Enable debug logging for this logger for a complete list of JARs that were scanned but no TLDs were found in them. Skipping unneeded JARs during scanning can improve startup time and JSP compilation time.
09-Mar-2022 12:45:33.475 INFO [TomcatRunner] org.apache.catalina.startup.HostConfig.deployDirectory Deployment of web application directory [C:\Users\durgaprasad\supg\smartfox-starter-template\smartfox-basics\SmartFoxServer_2X\SFS2X\www\manager] has finished in [1,157] ms
09-Mar-2022 12:45:33.475 INFO [TomcatRunner] org.apache.catalina.startup.HostConfig.deployDirectory Deploying web application directory [C:\Users\durgaprasad\supg\smartfox-starter-template\smartfox-basics\SmartFoxServer_2X\SFS2X\www\ROOT]
